{"level":"info","message":"Listening on port 3000...","timestamp":"2019-02-04T09:59:36.438Z"}
{"level":"info","message":"Listening on port 3000...","timestamp":"2019-02-04T10:01:55.570Z"}
{"level":"info","message":"Listening on port 3000...","timestamp":"2019-02-04T10:07:06.918Z"}
{"level":"info","message":"Connected to MongoDB...","timestamp":"2019-02-04T10:07:07.984Z"}
{"level":"info","message":"Listening on port 3000...","timestamp":"2019-02-04T10:19:41.435Z"}
{"level":"info","message":"Connected to MongoDB...","timestamp":"2019-02-04T10:19:42.504Z"}
{"level":"info","message":"Listening on port 3000...","timestamp":"2019-02-04T10:21:04.424Z"}
{"level":"info","message":"Connected to MongoDB...","timestamp":"2019-02-04T10:21:05.482Z"}
{"level":"info","message":"Listening on port 3000...","timestamp":"2019-02-04T10:23:48.051Z"}
{"level":"info","message":"Connected to MongoDB...","timestamp":"2019-02-04T10:23:49.109Z"}
{"level":"info","message":"Listening on port 3000...","timestamp":"2019-02-04T10:24:13.715Z"}
{"level":"info","message":"Connected to MongoDB...","timestamp":"2019-02-04T10:24:14.770Z"}
{"level":"info","message":"Listening on port 3000...","timestamp":"2019-02-04T10:24:46.206Z"}
{"level":"info","message":"Connected to MongoDB...","timestamp":"2019-02-04T10:24:47.268Z"}
{"level":"info","message":"Listening on port 3000...","timestamp":"2019-02-04T10:25:39.513Z"}
{"level":"info","message":"Connected to MongoDB...","timestamp":"2019-02-04T10:25:40.583Z"}
{"message":"Unexpected string in JSON at position 22","stack":"SyntaxError: Unexpected string in JSON at position 22\n    at JSON.parse (<anonymous>)\n    at parse (E:\\credit-track-backend\\node_modules\\body-parser\\lib\\types\\json.js:89:19)\n    at E:\\credit-track-backend\\node_modules\\body-parser\\lib\\read.js:121:18\n    at invokeCallback (E:\\credit-track-backend\\node_modules\\raw-body\\index.js:224:16)\n    at done (E:\\credit-track-backend\\node_modules\\raw-body\\index.js:213:7)\n    at IncomingMessage.onEnd (E:\\credit-track-backend\\node_modules\\raw-body\\index.js:273:7)\n    at IncomingMessage.emit (events.js:182:13)\n    at endReadableNT (_stream_readable.js:1098:12)\n    at process.internalTickCallback (internal/process/next_tick.js:72:19)","expose":true,"statusCode":400,"status":400,"body":"{\n\t\"name\" : \"Norman\"\n\t\"email\" : \"norman@gmail.com\",\n\t\"password\": \"abcde\"\n\t\t}","type":"entity.parse.failed","level":"error","timestamp":"2019-02-04T11:07:29.908Z"}
{"message":"Unexpected string in JSON at position 20","stack":"SyntaxError: Unexpected string in JSON at position 20\n    at JSON.parse (<anonymous>)\n    at parse (E:\\credit-track-backend\\node_modules\\body-parser\\lib\\types\\json.js:89:19)\n    at E:\\credit-track-backend\\node_modules\\body-parser\\lib\\read.js:121:18\n    at invokeCallback (E:\\credit-track-backend\\node_modules\\raw-body\\index.js:224:16)\n    at done (E:\\credit-track-backend\\node_modules\\raw-body\\index.js:213:7)\n    at IncomingMessage.onEnd (E:\\credit-track-backend\\node_modules\\raw-body\\index.js:273:7)\n    at IncomingMessage.emit (events.js:182:13)\n    at endReadableNT (_stream_readable.js:1098:12)\n    at process.internalTickCallback (internal/process/next_tick.js:72:19)","expose":true,"statusCode":400,"status":400,"body":"{\n\t\"name\":\"Norman\"\n\t\"phone\":\"234567\"\n}","type":"entity.parse.failed","level":"error","timestamp":"2019-02-04T11:16:50.416Z"}
{"level":"info","message":"Listening on port 3000...","timestamp":"2019-02-05T09:23:13.335Z"}
{"level":"info","message":"Connected to MongoDB...","timestamp":"2019-02-05T09:23:14.390Z"}
{"message":"Customer validation failed: role: `SUPPLIER` is not a valid enum value for path `role`.","errors":{"role":{"message":"`SUPPLIER` is not a valid enum value for path `role`.","name":"ValidatorError","properties":{"message":"`{VALUE}` is not a valid enum value for path `{PATH}`.","type":"enum","enumValues":["supplier","vendor","customer"],"path":"role","value":"SUPPLIER"},"kind":"enum","path":"role","value":"SUPPLIER","$isValidatorError":true}},"_message":"Customer validation failed","stack":"ValidationError: Customer validation failed: role: `SUPPLIER` is not a valid enum value for path `role`.\n    at new ValidationError (E:\\credit-track-backend\\node_modules\\mongoose\\lib\\error\\validation.js:27:11)\n    at model.Document.invalidate (E:\\credit-track-backend\\node_modules\\mongoose\\lib\\document.js:1656:32)\n    at E:\\credit-track-backend\\node_modules\\mongoose\\lib\\document.js:1528:17\n    at Immediate.<anonymous> (E:\\credit-track-backend\\node_modules\\mongoose\\lib\\schematype.js:785:9)\n    at processImmediate (timers.js:632:19)","name":"ValidationError","level":"error","timestamp":"2019-02-05T09:53:35.589Z"}
{"message":"Customer validation failed: role: `SUPPLIER` is not a valid enum value for path `role`.","errors":{"role":{"message":"`SUPPLIER` is not a valid enum value for path `role`.","name":"ValidatorError","properties":{"message":"`{VALUE}` is not a valid enum value for path `{PATH}`.","type":"enum","enumValues":["supplier","vendor","customer"],"path":"role","value":"SUPPLIER"},"kind":"enum","path":"role","value":"SUPPLIER","$isValidatorError":true}},"_message":"Customer validation failed","stack":"ValidationError: Customer validation failed: role: `SUPPLIER` is not a valid enum value for path `role`.\n    at new ValidationError (E:\\credit-track-backend\\node_modules\\mongoose\\lib\\error\\validation.js:27:11)\n    at model.Document.invalidate (E:\\credit-track-backend\\node_modules\\mongoose\\lib\\document.js:1656:32)\n    at E:\\credit-track-backend\\node_modules\\mongoose\\lib\\document.js:1528:17\n    at Immediate.<anonymous> (E:\\credit-track-backend\\node_modules\\mongoose\\lib\\schematype.js:785:9)\n    at processImmediate (timers.js:632:19)","name":"ValidationError","level":"error","timestamp":"2019-02-05T10:01:53.202Z"}
{"level":"info","message":"Listening on port 3000...","timestamp":"2019-02-05T10:15:58.899Z"}
{"level":"info","message":"Connected to MongoDB...","timestamp":"2019-02-05T10:15:59.955Z"}
{"level":"info","message":"Listening on port 3000...","timestamp":"2019-02-05T10:50:34.268Z"}
{"level":"info","message":"Connected to MongoDB...","timestamp":"2019-02-05T10:50:35.327Z"}
{"level":"info","message":"Listening on port 3000...","timestamp":"2019-02-06T08:56:17.664Z"}
{"level":"info","message":"Connected to MongoDB...","timestamp":"2019-02-06T08:56:18.723Z"}
{"message":"validate is not a function","stack":"TypeError: validate is not a function\n    at router.post (E:\\credit-track-backend\\routes\\users.js:17:21)\n    at E:\\credit-track-backend\\node_modules\\express-async-errors\\index.js:17:20\n    at Layer.handle [as handle_request] (E:\\credit-track-backend\\node_modules\\express\\lib\\router\\layer.js:95:5)\n    at next (E:\\credit-track-backend\\node_modules\\express\\lib\\router\\route.js:137:13)\n    at Route.dispatch (E:\\credit-track-backend\\node_modules\\express\\lib\\router\\route.js:112:3)\n    at E:\\credit-track-backend\\node_modules\\express-async-errors\\index.js:17:20\n    at Layer.handle [as handle_request] (E:\\credit-track-backend\\node_modules\\express\\lib\\router\\layer.js:95:5)\n    at E:\\credit-track-backend\\node_modules\\express\\lib\\router\\index.js:281:22\n    at Function.process_params (E:\\credit-track-backend\\node_modules\\express\\lib\\router\\index.js:335:12)\n    at next (E:\\credit-track-backend\\node_modules\\express\\lib\\router\\index.js:275:10)\n    at Function.handle (E:\\credit-track-backend\\node_modules\\express\\lib\\router\\index.js:174:3)\n    at router (E:\\credit-track-backend\\node_modules\\express\\lib\\router\\index.js:47:12)\n    at E:\\credit-track-backend\\node_modules\\express-async-errors\\index.js:17:20\n    at Layer.handle [as handle_request] (E:\\credit-track-backend\\node_modules\\express\\lib\\router\\layer.js:95:5)\n    at trim_prefix (E:\\credit-track-backend\\node_modules\\express\\lib\\router\\index.js:317:13)\n    at E:\\credit-track-backend\\node_modules\\express\\lib\\router\\index.js:284:7","level":"error","timestamp":"2019-02-06T08:57:24.394Z"}
{"level":"info","message":"Listening on port 3000...","timestamp":"2019-02-06T09:01:01.678Z"}
{"level":"info","message":"Connected to MongoDB...","timestamp":"2019-02-06T09:01:02.740Z"}
{"message":"validate is not defined","stack":"ReferenceError: validate is not defined\n    at router.post (E:\\credit-track-backend\\routes\\users.js:16:18)\n    at E:\\credit-track-backend\\node_modules\\express-async-errors\\index.js:17:20\n    at Layer.handle [as handle_request] (E:\\credit-track-backend\\node_modules\\express\\lib\\router\\layer.js:95:5)\n    at next (E:\\credit-track-backend\\node_modules\\express\\lib\\router\\route.js:137:13)\n    at Route.dispatch (E:\\credit-track-backend\\node_modules\\express\\lib\\router\\route.js:112:3)\n    at E:\\credit-track-backend\\node_modules\\express-async-errors\\index.js:17:20\n    at Layer.handle [as handle_request] (E:\\credit-track-backend\\node_modules\\express\\lib\\router\\layer.js:95:5)\n    at E:\\credit-track-backend\\node_modules\\express\\lib\\router\\index.js:281:22\n    at Function.process_params (E:\\credit-track-backend\\node_modules\\express\\lib\\router\\index.js:335:12)\n    at next (E:\\credit-track-backend\\node_modules\\express\\lib\\router\\index.js:275:10)\n    at Function.handle (E:\\credit-track-backend\\node_modules\\express\\lib\\router\\index.js:174:3)\n    at router (E:\\credit-track-backend\\node_modules\\express\\lib\\router\\index.js:47:12)\n    at E:\\credit-track-backend\\node_modules\\express-async-errors\\index.js:17:20\n    at Layer.handle [as handle_request] (E:\\credit-track-backend\\node_modules\\express\\lib\\router\\layer.js:95:5)\n    at trim_prefix (E:\\credit-track-backend\\node_modules\\express\\lib\\router\\index.js:317:13)\n    at E:\\credit-track-backend\\node_modules\\express\\lib\\router\\index.js:284:7","level":"error","timestamp":"2019-02-06T09:01:17.210Z"}
{"level":"info","message":"Listening on port 3000...","timestamp":"2019-02-06T09:02:37.265Z"}
{"level":"info","message":"Connected to MongoDB...","timestamp":"2019-02-06T09:02:38.326Z"}
{"level":"info","message":"Listening on port 3000...","timestamp":"2019-02-06T09:25:50.131Z"}
{"level":"info","message":"Connected to MongoDB...","timestamp":"2019-02-06T09:25:51.210Z"}
{"message":"supplier is not defined","stack":"ReferenceError: supplier is not defined\n    at validateCustomer (E:\\credit-track-backend\\models\\customer.js:31:29)\n    at router.post (E:\\credit-track-backend\\routes\\customers.js:13:21)\n    at E:\\credit-track-backend\\node_modules\\express-async-errors\\index.js:17:20\n    at Layer.handle [as handle_request] (E:\\credit-track-backend\\node_modules\\express\\lib\\router\\layer.js:95:5)\n    at next (E:\\credit-track-backend\\node_modules\\express\\lib\\router\\route.js:137:13)\n    at Route.dispatch (E:\\credit-track-backend\\node_modules\\express\\lib\\router\\route.js:112:3)\n    at E:\\credit-track-backend\\node_modules\\express-async-errors\\index.js:17:20\n    at Layer.handle [as handle_request] (E:\\credit-track-backend\\node_modules\\express\\lib\\router\\layer.js:95:5)\n    at E:\\credit-track-backend\\node_modules\\express\\lib\\router\\index.js:281:22\n    at Function.process_params (E:\\credit-track-backend\\node_modules\\express\\lib\\router\\index.js:335:12)\n    at next (E:\\credit-track-backend\\node_modules\\express\\lib\\router\\index.js:275:10)\n    at Function.handle (E:\\credit-track-backend\\node_modules\\express\\lib\\router\\index.js:174:3)\n    at router (E:\\credit-track-backend\\node_modules\\express\\lib\\router\\index.js:47:12)\n    at E:\\credit-track-backend\\node_modules\\express-async-errors\\index.js:17:20\n    at Layer.handle [as handle_request] (E:\\credit-track-backend\\node_modules\\express\\lib\\router\\layer.js:95:5)\n    at trim_prefix (E:\\credit-track-backend\\node_modules\\express\\lib\\router\\index.js:317:13)","level":"error","timestamp":"2019-02-06T09:29:09.329Z"}
{"level":"info","message":"Listening on port 3000...","timestamp":"2019-02-06T09:35:20.823Z"}
{"level":"info","message":"Connected to MongoDB...","timestamp":"2019-02-06T09:35:21.911Z"}
{"message":"supplier is not defined","stack":"ReferenceError: supplier is not defined\n    at validateCustomer (E:\\credit-track-backend\\models\\customer.js:30:29)\n    at router.post (E:\\credit-track-backend\\routes\\customers.js:13:21)\n    at E:\\credit-track-backend\\node_modules\\express-async-errors\\index.js:17:20\n    at Layer.handle [as handle_request] (E:\\credit-track-backend\\node_modules\\express\\lib\\router\\layer.js:95:5)\n    at next (E:\\credit-track-backend\\node_modules\\express\\lib\\router\\route.js:137:13)\n    at Route.dispatch (E:\\credit-track-backend\\node_modules\\express\\lib\\router\\route.js:112:3)\n    at E:\\credit-track-backend\\node_modules\\express-async-errors\\index.js:17:20\n    at Layer.handle [as handle_request] (E:\\credit-track-backend\\node_modules\\express\\lib\\router\\layer.js:95:5)\n    at E:\\credit-track-backend\\node_modules\\express\\lib\\router\\index.js:281:22\n    at Function.process_params (E:\\credit-track-backend\\node_modules\\express\\lib\\router\\index.js:335:12)\n    at next (E:\\credit-track-backend\\node_modules\\express\\lib\\router\\index.js:275:10)\n    at Function.handle (E:\\credit-track-backend\\node_modules\\express\\lib\\router\\index.js:174:3)\n    at router (E:\\credit-track-backend\\node_modules\\express\\lib\\router\\index.js:47:12)\n    at E:\\credit-track-backend\\node_modules\\express-async-errors\\index.js:17:20\n    at Layer.handle [as handle_request] (E:\\credit-track-backend\\node_modules\\express\\lib\\router\\layer.js:95:5)\n    at trim_prefix (E:\\credit-track-backend\\node_modules\\express\\lib\\router\\index.js:317:13)","level":"error","timestamp":"2019-02-06T09:38:24.564Z"}
{"level":"info","message":"Listening on port 3000...","timestamp":"2019-02-06T09:40:04.330Z"}
{"level":"info","message":"Connected to MongoDB...","timestamp":"2019-02-06T09:40:05.390Z"}
{"level":"info","message":"Listening on port 3000...","timestamp":"2019-02-06T09:53:25.226Z"}
{"level":"info","message":"Connected to MongoDB...","timestamp":"2019-02-06T09:53:26.286Z"}
{"level":"info","message":"Listening on port 3000...","timestamp":"2019-02-06T09:57:07.222Z"}
{"level":"info","message":"Connected to MongoDB...","timestamp":"2019-02-06T09:57:08.298Z"}
{"level":"info","message":"Listening on port 3000...","timestamp":"2019-02-06T09:57:17.659Z"}
{"level":"info","message":"Connected to MongoDB...","timestamp":"2019-02-06T09:57:18.753Z"}
{"level":"info","message":"Listening on port 3000...","timestamp":"2019-02-06T09:58:31.920Z"}
{"level":"info","message":"Connected to MongoDB...","timestamp":"2019-02-06T09:58:32.982Z"}
{"level":"info","message":"Listening on port 3000...","timestamp":"2019-02-06T09:59:55.782Z"}
{"level":"info","message":"Connected to MongoDB...","timestamp":"2019-02-06T09:59:56.840Z"}
{"level":"info","message":"Listening on port 3000...","timestamp":"2019-02-06T10:00:30.616Z"}
{"level":"info","message":"Connected to MongoDB...","timestamp":"2019-02-06T10:00:31.672Z"}
{"level":"info","message":"Listening on port 3000...","timestamp":"2019-02-06T10:03:00.885Z"}
{"level":"info","message":"Connected to MongoDB...","timestamp":"2019-02-06T10:03:01.944Z"}
{"level":"info","message":"Listening on port 3000...","timestamp":"2019-02-06T10:03:10.456Z"}
{"level":"info","message":"Connected to MongoDB...","timestamp":"2019-02-06T10:03:11.510Z"}
{"level":"info","message":"Listening on port 3000...","timestamp":"2019-02-06T10:04:17.874Z"}
{"level":"info","message":"Connected to MongoDB...","timestamp":"2019-02-06T10:04:18.930Z"}
{"level":"info","message":"Listening on port 3000...","timestamp":"2019-02-06T10:05:13.177Z"}
{"level":"info","message":"Connected to MongoDB...","timestamp":"2019-02-06T10:05:14.235Z"}
{"level":"info","message":"Listening on port 3000...","timestamp":"2019-02-06T10:13:39.158Z"}
{"level":"info","message":"Connected to MongoDB...","timestamp":"2019-02-06T10:13:40.218Z"}
{"level":"info","message":"Listening on port 3000...","timestamp":"2019-02-07T10:33:49.750Z"}
{"level":"info","message":"Connected to MongoDB...","timestamp":"2019-02-07T10:33:50.826Z"}
{"level":"info","message":"Listening on port 3000...","timestamp":"2019-02-07T10:34:34.768Z"}
{"level":"info","message":"Connected to MongoDB...","timestamp":"2019-02-07T10:34:35.831Z"}
{"level":"info","message":"Listening on port 3000...","timestamp":"2019-02-07T10:37:31.253Z"}
{"level":"info","message":"Connected to MongoDB...","timestamp":"2019-02-07T10:37:32.319Z"}
{"level":"info","message":"Listening on port 3000...","timestamp":"2019-02-07T10:39:12.667Z"}
{"level":"info","message":"Connected to MongoDB...","timestamp":"2019-02-07T10:39:13.726Z"}
{"level":"info","message":"Listening on port 3000...","timestamp":"2019-02-07T10:40:51.113Z"}
{"level":"info","message":"Connected to MongoDB...","timestamp":"2019-02-07T10:40:52.172Z"}
{"level":"info","message":"Listening on port 3000...","timestamp":"2019-02-07T10:44:11.470Z"}
{"level":"info","message":"Connected to MongoDB...","timestamp":"2019-02-07T10:44:12.536Z"}
{"level":"info","message":"Listening on port 3000...","timestamp":"2019-02-07T10:44:49.990Z"}
{"level":"info","message":"Connected to MongoDB...","timestamp":"2019-02-07T10:44:51.052Z"}
{"level":"info","message":"Listening on port 3000...","timestamp":"2019-02-07T10:46:11.705Z"}
{"level":"info","message":"Connected to MongoDB...","timestamp":"2019-02-07T10:46:12.779Z"}
{"level":"info","message":"Listening on port 3000...","timestamp":"2019-02-07T10:49:10.197Z"}
{"level":"info","message":"Connected to MongoDB...","timestamp":"2019-02-07T10:49:11.257Z"}
{"level":"info","message":"Listening on port 3000...","timestamp":"2019-02-07T10:50:02.841Z"}
{"level":"info","message":"Connected to MongoDB...","timestamp":"2019-02-07T10:50:03.907Z"}
{"level":"info","message":"Listening on port 3000...","timestamp":"2019-02-07T11:03:18.383Z"}
{"level":"info","message":"Connected to MongoDB...","timestamp":"2019-02-07T11:03:19.445Z"}
{"message":"users.toObject is not a function","stack":"TypeError: users.toObject is not a function\n    at router.post (E:\\credit-track-backend\\routes\\customers.js:17:21)\n    at process.internalTickCallback (internal/process/next_tick.js:77:7)","level":"error","timestamp":"2019-02-07T11:03:25.571Z"}
{"level":"info","message":"Listening on port 3000...","timestamp":"2019-02-07T11:04:44.018Z"}
{"level":"info","message":"Connected to MongoDB...","timestamp":"2019-02-07T11:04:45.094Z"}
{"level":"info","message":"Listening on port 3000...","timestamp":"2019-02-07T11:05:12.808Z"}
{"level":"info","message":"Connected to MongoDB...","timestamp":"2019-02-07T11:05:13.865Z"}
{"level":"info","message":"Listening on port 3000...","timestamp":"2019-02-07T11:09:58.396Z"}
{"level":"info","message":"Connected to MongoDB...","timestamp":"2019-02-07T11:09:59.461Z"}
{"level":"info","message":"Listening on port 3000...","timestamp":"2019-02-07T11:10:52.694Z"}
{"level":"info","message":"Connected to MongoDB...","timestamp":"2019-02-07T11:10:53.753Z"}
{"level":"info","message":"Listening on port 3000...","timestamp":"2019-02-07T11:17:25.265Z"}
{"level":"info","message":"Connected to MongoDB...","timestamp":"2019-02-07T11:17:26.335Z"}
{"level":"info","message":"Listening on port 3000...","timestamp":"2019-02-07T11:20:34.505Z"}
{"level":"info","message":"Connected to MongoDB...","timestamp":"2019-02-07T11:20:35.564Z"}
{"level":"info","message":"Listening on port 3000...","timestamp":"2019-02-07T11:51:22.984Z"}
{"level":"info","message":"Connected to MongoDB...","timestamp":"2019-02-07T11:51:24.058Z"}
{"level":"info","message":"Listening on port 3000...","timestamp":"2019-02-07T12:54:01.497Z"}
{"level":"info","message":"Connected to MongoDB...","timestamp":"2019-02-07T12:54:02.553Z"}
{"level":"info","message":"Listening on port 3000...","timestamp":"2019-02-07T13:03:03.595Z"}
{"level":"info","message":"Connected to MongoDB...","timestamp":"2019-02-07T13:03:04.654Z"}
{"level":"info","message":"Listening on port 3000...","timestamp":"2019-02-07T16:33:48.162Z"}
{"level":"info","message":"Connected to MongoDB...","timestamp":"2019-02-07T16:33:49.216Z"}
{"level":"info","message":"Listening on port 3000...","timestamp":"2019-02-07T16:41:14.769Z"}
{"level":"info","message":"Connected to MongoDB...","timestamp":"2019-02-07T16:41:15.829Z"}
{"level":"info","message":"Listening on port 3000...","timestamp":"2019-02-07T16:50:16.581Z"}
{"level":"info","message":"Connected to MongoDB...","timestamp":"2019-02-07T16:50:17.638Z"}
{"level":"info","message":"Listening on port 3000...","timestamp":"2019-02-07T16:57:16.724Z"}
{"level":"info","message":"Connected to MongoDB...","timestamp":"2019-02-07T16:57:17.777Z"}
{"level":"info","message":"Listening on port 3000...","timestamp":"2019-02-07T17:05:52.507Z"}
{"level":"info","message":"Connected to MongoDB...","timestamp":"2019-02-07T17:05:53.564Z"}
{"level":"info","message":"Listening on port 3000...","timestamp":"2019-02-07T17:14:08.745Z"}
{"level":"info","message":"Connected to MongoDB...","timestamp":"2019-02-07T17:14:09.801Z"}
{"level":"info","message":"Listening on port 3000...","timestamp":"2019-02-07T17:18:58.695Z"}
{"level":"info","message":"Connected to MongoDB...","timestamp":"2019-02-07T17:18:59.753Z"}
{"level":"info","message":"Listening on port 3000...","timestamp":"2019-02-07T17:21:58.150Z"}
{"level":"info","message":"Connected to MongoDB...","timestamp":"2019-02-07T17:21:59.205Z"}
{"level":"info","message":"Listening on port 3000...","timestamp":"2019-02-07T17:24:02.985Z"}
{"level":"info","message":"Connected to MongoDB...","timestamp":"2019-02-07T17:24:04.039Z"}
{"level":"info","message":"Listening on port 3000...","timestamp":"2019-02-07T17:27:13.440Z"}
{"level":"info","message":"Connected to MongoDB...","timestamp":"2019-02-07T17:27:14.493Z"}
{"level":"info","message":"Listening on port 3000...","timestamp":"2019-02-07T17:29:14.517Z"}
{"level":"info","message":"Connected to MongoDB...","timestamp":"2019-02-07T17:29:15.571Z"}
{"level":"info","message":"Listening on port 3000...","timestamp":"2019-02-07T17:32:40.741Z"}
{"level":"info","message":"Connected to MongoDB...","timestamp":"2019-02-07T17:32:41.794Z"}
{"level":"info","message":"Listening on port 3000...","timestamp":"2019-02-07T17:34:14.324Z"}
{"level":"info","message":"Connected to MongoDB...","timestamp":"2019-02-07T17:34:15.379Z"}
{"level":"info","message":"Listening on port 3000...","timestamp":"2019-02-07T17:39:04.633Z"}
{"level":"info","message":"Connected to MongoDB...","timestamp":"2019-02-07T17:39:05.691Z"}
{"level":"info","message":"Listening on port 3000...","timestamp":"2019-02-07T17:45:39.920Z"}
{"level":"info","message":"Connected to MongoDB...","timestamp":"2019-02-07T17:45:40.977Z"}
{"level":"info","message":"Listening on port 3000...","timestamp":"2019-02-07T17:50:14.120Z"}
{"level":"info","message":"Connected to MongoDB...","timestamp":"2019-02-07T17:50:15.175Z"}
{"level":"info","message":"Listening on port 3000...","timestamp":"2019-02-07T17:55:32.132Z"}
{"level":"info","message":"Connected to MongoDB...","timestamp":"2019-02-07T17:55:33.195Z"}
{"level":"info","message":"Listening on port 3000...","timestamp":"2019-02-08T05:32:16.782Z"}
{"level":"info","message":"Connected to MongoDB...","timestamp":"2019-02-08T05:32:17.841Z"}
{"level":"info","message":"Listening on port 3000...","timestamp":"2019-02-08T05:41:29.685Z"}
{"level":"info","message":"Connected to MongoDB...","timestamp":"2019-02-08T05:41:30.746Z"}
{"level":"info","message":"Listening on port 3000...","timestamp":"2019-02-08T06:15:07.999Z"}
{"level":"info","message":"Connected to MongoDB...","timestamp":"2019-02-08T06:15:09.055Z"}
{"level":"info","message":"Listening on port 3000...","timestamp":"2019-02-08T07:12:08.698Z"}
{"level":"info","message":"Connected to MongoDB...","timestamp":"2019-02-08T07:12:09.755Z"}
{"level":"info","message":"Listening on port 3000...","timestamp":"2019-02-08T07:19:18.600Z"}
{"level":"info","message":"Connected to MongoDB...","timestamp":"2019-02-08T07:19:19.659Z"}
{"level":"info","message":"Listening on port 3000...","timestamp":"2019-02-08T07:20:20.719Z"}
{"level":"info","message":"Connected to MongoDB...","timestamp":"2019-02-08T07:20:21.779Z"}
{"level":"info","message":"Listening on port 3000...","timestamp":"2019-02-08T07:25:31.755Z"}
{"level":"info","message":"Connected to MongoDB...","timestamp":"2019-02-08T07:25:32.809Z"}
{"level":"info","message":"Listening on port 3000...","timestamp":"2019-02-08T12:26:08.085Z"}
{"level":"info","message":"Connected to MongoDB...","timestamp":"2019-02-08T12:26:09.141Z"}
{"message":"Unexpected string in JSON at position 21","stack":"SyntaxError: Unexpected string in JSON at position 21\n    at JSON.parse (<anonymous>)\n    at parse (E:\\credit-track-backend\\node_modules\\body-parser\\lib\\types\\json.js:89:19)\n    at E:\\credit-track-backend\\node_modules\\body-parser\\lib\\read.js:121:18\n    at invokeCallback (E:\\credit-track-backend\\node_modules\\raw-body\\index.js:224:16)\n    at done (E:\\credit-track-backend\\node_modules\\raw-body\\index.js:213:7)\n    at IncomingMessage.onEnd (E:\\credit-track-backend\\node_modules\\raw-body\\index.js:273:7)\n    at IncomingMessage.emit (events.js:182:13)\n    at endReadableNT (_stream_readable.js:1098:12)\n    at process.internalTickCallback (internal/process/next_tick.js:72:19)","expose":true,"statusCode":400,"status":400,"body":"{\n\t\"name\":\"Moshins\"\n\t\"phone\":\"1234567890\",\n\t\"role\":\"supplier\"\n}","type":"entity.parse.failed","level":"error","timestamp":"2019-02-08T12:29:05.758Z"}
{"level":"info","message":"Listening on port 3000...","timestamp":"2019-02-08T12:35:19.269Z"}
{"level":"info","message":"Connected to MongoDB...","timestamp":"2019-02-08T12:35:20.327Z"}
{"message":"listCustomers is not defined","stack":"ReferenceError: listCustomers is not defined\n    at router.post (E:\\credit-track-backend\\routes\\customers.js:35:1)\n    at process.internalTickCallback (internal/process/next_tick.js:77:7)","level":"error","timestamp":"2019-02-08T12:37:00.629Z"}
{"level":"info","message":"Listening on port 3000...","timestamp":"2019-02-08T12:42:15.338Z"}
{"level":"info","message":"Connected to MongoDB...","timestamp":"2019-02-08T12:42:16.383Z"}
{"code":11000,"index":0,"errmsg":"E11000 duplicate key error collection: credit-track-backend.customers index: phone_1 dup key: { : \"12345689\" }","op":{"_id":"5c5d79915d257c311083cf1b","name":"Peterhans","phone":"12345689","role":"vendor","__v":0}}
{"level":"info","message":"Listening on port 3000...","timestamp":"2019-02-08T12:46:47.388Z"}
{"level":"info","message":"Connected to MongoDB...","timestamp":"2019-02-08T12:46:48.442Z"}
{"code":11000,"index":0,"errmsg":"E11000 duplicate key error collection: credit-track-backend.customers index: phone_1 dup key: { : \"1234567890\" }","op":{"_id":"5c5d7b83da2126256ccd7036","name":"johny","phone":"1234567890","role":"supplier","__v":0}}
{"level":"info","message":"Listening on port 3000...","timestamp":"2019-02-08T12:53:29.837Z"}
{"level":"info","message":"Connected to MongoDB...","timestamp":"2019-02-08T12:53:30.896Z"}
{"message":"listCustomers is not defined","stack":"ReferenceError: listCustomers is not defined\n    at router.post (E:\\credit-track-backend\\routes\\customers.js:35:1)\n    at process.internalTickCallback (internal/process/next_tick.js:77:7)","level":"error","timestamp":"2019-02-08T12:54:45.336Z"}
{"level":"info","message":"Listening on port 3000...","timestamp":"2019-02-08T13:05:08.444Z"}
{"level":"info","message":"Connected to MongoDB...","timestamp":"2019-02-08T13:05:09.500Z"}
{"code":11000,"index":0,"errmsg":"E11000 duplicate key error collection: credit-track-backend.customers index: phone_1 dup key: { : \"886644\" }","op":{"_id":"5c5d7ea57fff1a2bdca26aee","name":"laurens","phone":"886644","role":"supplier","__v":0}}
{"level":"info","message":"Listening on port 3000...","timestamp":"2019-02-08T13:07:12.854Z"}
{"level":"info","message":"Connected to MongoDB...","timestamp":"2019-02-08T13:07:13.910Z"}
{"message":"db is not defined","stack":"ReferenceError: db is not defined\n    at router.post (E:\\credit-track-backend\\routes\\customers.js:26:22)\n    at process.internalTickCallback (internal/process/next_tick.js:77:7)","level":"error","timestamp":"2019-02-08T13:07:51.753Z"}
{"level":"info","message":"Listening on port 3000...","timestamp":"2019-02-08T13:10:23.133Z"}
{"level":"info","message":"Connected to MongoDB...","timestamp":"2019-02-08T13:10:24.188Z"}
{"code":11000,"index":0,"errmsg":"E11000 duplicate key error collection: credit-track-backend.customers index: phone_1 dup key: { : \"886645\" }","op":{"_id":"5c5d7ffe4421c01bf038d91b","name":"laurens","phone":"886645","role":"supplier","__v":0}}
{"level":"info","message":"Listening on port 3000...","timestamp":"2019-02-08T13:12:19.577Z"}
{"level":"info","message":"Connected to MongoDB...","timestamp":"2019-02-08T13:12:20.641Z"}
{"message":"credit is not defined","stack":"ReferenceError: credit is not defined\n    at router.post (E:\\credit-track-backend\\routes\\customers.js:26:22)\n    at process.internalTickCallback (internal/process/next_tick.js:77:7)","level":"error","timestamp":"2019-02-08T13:12:56.560Z"}
{"level":"info","message":"Listening on port 3000...","timestamp":"2019-02-09T08:25:17.129Z"}
{"level":"info","message":"Connected to MongoDB...","timestamp":"2019-02-09T08:25:18.199Z"}
{"message":"db is not defined","stack":"ReferenceError: db is not defined\n    at router.post (E:\\credit-track-backend\\routes\\customers.js:18:11)\n    at E:\\credit-track-backend\\node_modules\\express-async-errors\\index.js:17:20\n    at Layer.handle [as handle_request] (E:\\credit-track-backend\\node_modules\\express\\lib\\router\\layer.js:95:5)\n    at next (E:\\credit-track-backend\\node_modules\\express\\lib\\router\\route.js:137:13)\n    at Route.dispatch (E:\\credit-track-backend\\node_modules\\express\\lib\\router\\route.js:112:3)\n    at E:\\credit-track-backend\\node_modules\\express-async-errors\\index.js:17:20\n    at Layer.handle [as handle_request] (E:\\credit-track-backend\\node_modules\\express\\lib\\router\\layer.js:95:5)\n    at E:\\credit-track-backend\\node_modules\\express\\lib\\router\\index.js:281:22\n    at Function.process_params (E:\\credit-track-backend\\node_modules\\express\\lib\\router\\index.js:335:12)\n    at next (E:\\credit-track-backend\\node_modules\\express\\lib\\router\\index.js:275:10)\n    at Function.handle (E:\\credit-track-backend\\node_modules\\express\\lib\\router\\index.js:174:3)\n    at router (E:\\credit-track-backend\\node_modules\\express\\lib\\router\\index.js:47:12)\n    at E:\\credit-track-backend\\node_modules\\express-async-errors\\index.js:17:20\n    at Layer.handle [as handle_request] (E:\\credit-track-backend\\node_modules\\express\\lib\\router\\layer.js:95:5)\n    at trim_prefix (E:\\credit-track-backend\\node_modules\\express\\lib\\router\\index.js:317:13)\n    at E:\\credit-track-backend\\node_modules\\express\\lib\\router\\index.js:284:7","level":"error","timestamp":"2019-02-09T08:30:34.276Z"}
{"level":"info","message":"Listening on port 3000...","timestamp":"2019-02-09T08:32:38.951Z"}
{"level":"info","message":"Connected to MongoDB...","timestamp":"2019-02-09T08:32:40.006Z"}
{"message":"users is not defined","stack":"ReferenceError: users is not defined\n    at router.post (E:\\credit-track-backend\\routes\\customers.js:18:11)\n    at E:\\credit-track-backend\\node_modules\\express-async-errors\\index.js:17:20\n    at Layer.handle [as handle_request] (E:\\credit-track-backend\\node_modules\\express\\lib\\router\\layer.js:95:5)\n    at next (E:\\credit-track-backend\\node_modules\\express\\lib\\router\\route.js:137:13)\n    at Route.dispatch (E:\\credit-track-backend\\node_modules\\express\\lib\\router\\route.js:112:3)\n    at E:\\credit-track-backend\\node_modules\\express-async-errors\\index.js:17:20\n    at Layer.handle [as handle_request] (E:\\credit-track-backend\\node_modules\\express\\lib\\router\\layer.js:95:5)\n    at E:\\credit-track-backend\\node_modules\\express\\lib\\router\\index.js:281:22\n    at Function.process_params (E:\\credit-track-backend\\node_modules\\express\\lib\\router\\index.js:335:12)\n    at next (E:\\credit-track-backend\\node_modules\\express\\lib\\router\\index.js:275:10)\n    at Function.handle (E:\\credit-track-backend\\node_modules\\express\\lib\\router\\index.js:174:3)\n    at router (E:\\credit-track-backend\\node_modules\\express\\lib\\router\\index.js:47:12)\n    at E:\\credit-track-backend\\node_modules\\express-async-errors\\index.js:17:20\n    at Layer.handle [as handle_request] (E:\\credit-track-backend\\node_modules\\express\\lib\\router\\layer.js:95:5)\n    at trim_prefix (E:\\credit-track-backend\\node_modules\\express\\lib\\router\\index.js:317:13)\n    at E:\\credit-track-backend\\node_modules\\express\\lib\\router\\index.js:284:7","level":"error","timestamp":"2019-02-09T08:33:04.940Z"}
{"level":"info","message":"Listening on port 3000...","timestamp":"2019-02-09T08:36:53.377Z"}
{"level":"info","message":"Connected to MongoDB...","timestamp":"2019-02-09T08:36:54.440Z"}
{"message":"db is not defined","stack":"ReferenceError: db is not defined\n    at router.post (E:\\credit-track-backend\\routes\\customers.js:18:11)\n    at E:\\credit-track-backend\\node_modules\\express-async-errors\\index.js:17:20\n    at Layer.handle [as handle_request] (E:\\credit-track-backend\\node_modules\\express\\lib\\router\\layer.js:95:5)\n    at next (E:\\credit-track-backend\\node_modules\\express\\lib\\router\\route.js:137:13)\n    at Route.dispatch (E:\\credit-track-backend\\node_modules\\express\\lib\\router\\route.js:112:3)\n    at E:\\credit-track-backend\\node_modules\\express-async-errors\\index.js:17:20\n    at Layer.handle [as handle_request] (E:\\credit-track-backend\\node_modules\\express\\lib\\router\\layer.js:95:5)\n    at E:\\credit-track-backend\\node_modules\\express\\lib\\router\\index.js:281:22\n    at Function.process_params (E:\\credit-track-backend\\node_modules\\express\\lib\\router\\index.js:335:12)\n    at next (E:\\credit-track-backend\\node_modules\\express\\lib\\router\\index.js:275:10)\n    at Function.handle (E:\\credit-track-backend\\node_modules\\express\\lib\\router\\index.js:174:3)\n    at router (E:\\credit-track-backend\\node_modules\\express\\lib\\router\\index.js:47:12)\n    at E:\\credit-track-backend\\node_modules\\express-async-errors\\index.js:17:20\n    at Layer.handle [as handle_request] (E:\\credit-track-backend\\node_modules\\express\\lib\\router\\layer.js:95:5)\n    at trim_prefix (E:\\credit-track-backend\\node_modules\\express\\lib\\router\\index.js:317:13)\n    at E:\\credit-track-backend\\node_modules\\express\\lib\\router\\index.js:284:7","level":"error","timestamp":"2019-02-09T08:37:18.147Z"}
{"level":"info","message":"Listening on port 3000...","timestamp":"2019-02-09T08:39:59.752Z"}
{"level":"info","message":"Connected to MongoDB...","timestamp":"2019-02-09T08:40:00.816Z"}
{"message":"users is not defined","stack":"ReferenceError: users is not defined\n    at router.post (E:\\credit-track-backend\\routes\\customers.js:19:23)\n    at E:\\credit-track-backend\\node_modules\\express-async-errors\\index.js:17:20\n    at Layer.handle [as handle_request] (E:\\credit-track-backend\\node_modules\\express\\lib\\router\\layer.js:95:5)\n    at next (E:\\credit-track-backend\\node_modules\\express\\lib\\router\\route.js:137:13)\n    at Route.dispatch (E:\\credit-track-backend\\node_modules\\express\\lib\\router\\route.js:112:3)\n    at E:\\credit-track-backend\\node_modules\\express-async-errors\\index.js:17:20\n    at Layer.handle [as handle_request] (E:\\credit-track-backend\\node_modules\\express\\lib\\router\\layer.js:95:5)\n    at E:\\credit-track-backend\\node_modules\\express\\lib\\router\\index.js:281:22\n    at Function.process_params (E:\\credit-track-backend\\node_modules\\express\\lib\\router\\index.js:335:12)\n    at next (E:\\credit-track-backend\\node_modules\\express\\lib\\router\\index.js:275:10)\n    at Function.handle (E:\\credit-track-backend\\node_modules\\express\\lib\\router\\index.js:174:3)\n    at router (E:\\credit-track-backend\\node_modules\\express\\lib\\router\\index.js:47:12)\n    at E:\\credit-track-backend\\node_modules\\express-async-errors\\index.js:17:20\n    at Layer.handle [as handle_request] (E:\\credit-track-backend\\node_modules\\express\\lib\\router\\layer.js:95:5)\n    at trim_prefix (E:\\credit-track-backend\\node_modules\\express\\lib\\router\\index.js:317:13)\n    at E:\\credit-track-backend\\node_modules\\express\\lib\\router\\index.js:284:7","level":"error","timestamp":"2019-02-09T08:40:16.583Z"}
{"level":"info","message":"Listening on port 3000...","timestamp":"2019-02-09T08:42:01.834Z"}
{"level":"info","message":"Connected to MongoDB...","timestamp":"2019-02-09T08:42:02.888Z"}
{"message":"listCustomers is not defined","stack":"ReferenceError: listCustomers is not defined\n    at router.post (E:\\credit-track-backend\\routes\\customers.js:34:1)\n    at E:\\credit-track-backend\\node_modules\\express-async-errors\\index.js:17:20\n    at Layer.handle [as handle_request] (E:\\credit-track-backend\\node_modules\\express\\lib\\router\\layer.js:95:5)\n    at next (E:\\credit-track-backend\\node_modules\\express\\lib\\router\\route.js:137:13)\n    at Route.dispatch (E:\\credit-track-backend\\node_modules\\express\\lib\\router\\route.js:112:3)\n    at E:\\credit-track-backend\\node_modules\\express-async-errors\\index.js:17:20\n    at Layer.handle [as handle_request] (E:\\credit-track-backend\\node_modules\\express\\lib\\router\\layer.js:95:5)\n    at E:\\credit-track-backend\\node_modules\\express\\lib\\router\\index.js:281:22\n    at Function.process_params (E:\\credit-track-backend\\node_modules\\express\\lib\\router\\index.js:335:12)\n    at next (E:\\credit-track-backend\\node_modules\\express\\lib\\router\\index.js:275:10)\n    at Function.handle (E:\\credit-track-backend\\node_modules\\express\\lib\\router\\index.js:174:3)\n    at router (E:\\credit-track-backend\\node_modules\\express\\lib\\router\\index.js:47:12)\n    at E:\\credit-track-backend\\node_modules\\express-async-errors\\index.js:17:20\n    at Layer.handle [as handle_request] (E:\\credit-track-backend\\node_modules\\express\\lib\\router\\layer.js:95:5)\n    at trim_prefix (E:\\credit-track-backend\\node_modules\\express\\lib\\router\\index.js:317:13)\n    at E:\\credit-track-backend\\node_modules\\express\\lib\\router\\index.js:284:7","level":"error","timestamp":"2019-02-09T08:42:30.672Z"}
{"level":"info","message":"Listening on port 3000...","timestamp":"2019-02-09T08:43:44.126Z"}
{"level":"info","message":"Connected to MongoDB...","timestamp":"2019-02-09T08:43:45.186Z"}
{"message":"listCustomers is not defined","stack":"ReferenceError: listCustomers is not defined\n    at router.post (E:\\credit-track-backend\\routes\\customers.js:34:5)\n    at E:\\credit-track-backend\\node_modules\\express-async-errors\\index.js:17:20\n    at Layer.handle [as handle_request] (E:\\credit-track-backend\\node_modules\\express\\lib\\router\\layer.js:95:5)\n    at next (E:\\credit-track-backend\\node_modules\\express\\lib\\router\\route.js:137:13)\n    at Route.dispatch (E:\\credit-track-backend\\node_modules\\express\\lib\\router\\route.js:112:3)\n    at E:\\credit-track-backend\\node_modules\\express-async-errors\\index.js:17:20\n    at Layer.handle [as handle_request] (E:\\credit-track-backend\\node_modules\\express\\lib\\router\\layer.js:95:5)\n    at E:\\credit-track-backend\\node_modules\\express\\lib\\router\\index.js:281:22\n    at Function.process_params (E:\\credit-track-backend\\node_modules\\express\\lib\\router\\index.js:335:12)\n    at next (E:\\credit-track-backend\\node_modules\\express\\lib\\router\\index.js:275:10)\n    at Function.handle (E:\\credit-track-backend\\node_modules\\express\\lib\\router\\index.js:174:3)\n    at router (E:\\credit-track-backend\\node_modules\\express\\lib\\router\\index.js:47:12)\n    at E:\\credit-track-backend\\node_modules\\express-async-errors\\index.js:17:20\n    at Layer.handle [as handle_request] (E:\\credit-track-backend\\node_modules\\express\\lib\\router\\layer.js:95:5)\n    at trim_prefix (E:\\credit-track-backend\\node_modules\\express\\lib\\router\\index.js:317:13)\n    at E:\\credit-track-backend\\node_modules\\express\\lib\\router\\index.js:284:7","level":"error","timestamp":"2019-02-09T08:43:55.011Z"}
{"level":"info","message":"Listening on port 3000...","timestamp":"2019-02-09T08:45:48.741Z"}
{"level":"info","message":"Connected to MongoDB...","timestamp":"2019-02-09T08:45:49.797Z"}
{"level":"info","message":"Listening on port 3000...","timestamp":"2019-02-09T08:50:47.084Z"}
{"level":"info","message":"Connected to MongoDB...","timestamp":"2019-02-09T08:50:48.142Z"}
{"message":"cust is not defined","stack":"ReferenceError: cust is not defined\n    at router.post (E:\\credit-track-backend\\routes\\customers.js:32:17)\n    at E:\\credit-track-backend\\node_modules\\express-async-errors\\index.js:17:20\n    at Layer.handle [as handle_request] (E:\\credit-track-backend\\node_modules\\express\\lib\\router\\layer.js:95:5)\n    at next (E:\\credit-track-backend\\node_modules\\express\\lib\\router\\route.js:137:13)\n    at Route.dispatch (E:\\credit-track-backend\\node_modules\\express\\lib\\router\\route.js:112:3)\n    at E:\\credit-track-backend\\node_modules\\express-async-errors\\index.js:17:20\n    at Layer.handle [as handle_request] (E:\\credit-track-backend\\node_modules\\express\\lib\\router\\layer.js:95:5)\n    at E:\\credit-track-backend\\node_modules\\express\\lib\\router\\index.js:281:22\n    at Function.process_params (E:\\credit-track-backend\\node_modules\\express\\lib\\router\\index.js:335:12)\n    at next (E:\\credit-track-backend\\node_modules\\express\\lib\\router\\index.js:275:10)\n    at Function.handle (E:\\credit-track-backend\\node_modules\\express\\lib\\router\\index.js:174:3)\n    at router (E:\\credit-track-backend\\node_modules\\express\\lib\\router\\index.js:47:12)\n    at E:\\credit-track-backend\\node_modules\\express-async-errors\\index.js:17:20\n    at Layer.handle [as handle_request] (E:\\credit-track-backend\\node_modules\\express\\lib\\router\\layer.js:95:5)\n    at trim_prefix (E:\\credit-track-backend\\node_modules\\express\\lib\\router\\index.js:317:13)\n    at E:\\credit-track-backend\\node_modules\\express\\lib\\router\\index.js:284:7","level":"error","timestamp":"2019-02-09T08:51:44.391Z"}
{"level":"info","message":"Listening on port 3000...","timestamp":"2019-02-09T09:04:44.016Z"}
{"level":"info","message":"Connected to MongoDB...","timestamp":"2019-02-09T09:04:45.119Z"}
{"level":"info","message":"Listening on port 3000...","timestamp":"2019-02-09T09:37:01.397Z"}
{"level":"info","message":"Connected to MongoDB...","timestamp":"2019-02-09T09:37:02.419Z"}
{"level":"info","message":"Listening on port 3000...","timestamp":"2019-02-09T09:44:25.379Z"}
{"level":"info","message":"Connected to MongoDB...","timestamp":"2019-02-09T09:44:26.443Z"}
{"message":"cust is not defined","stack":"ReferenceError: cust is not defined\n    at router.post (E:\\credit-track-backend\\routes\\customers.js:44:12)\n    at process.internalTickCallback (internal/process/next_tick.js:77:7)","level":"error","timestamp":"2019-02-09T10:01:04.665Z"}
{"code":11000,"index":0,"errmsg":"E11000 duplicate key error collection: credit-track-backend.customers index: phone_1 dup key: { : \"1234567\" }","op":{"_id":"5c5ea4ff51dd6b1c2cbfb3fa","name":"johny","phone":"1234567","role":"supplier","__v":0}}
{"message":"cust is not defined","stack":"ReferenceError: cust is not defined\n    at router.post (E:\\credit-track-backend\\routes\\customers.js:44:12)\n    at process.internalTickCallback (internal/process/next_tick.js:77:7)","level":"error","timestamp":"2019-02-09T10:03:32.611Z"}
{"level":"info","message":"Listening on port 3000...","timestamp":"2019-02-09T10:09:07.386Z"}
{"level":"info","message":"Connected to MongoDB...","timestamp":"2019-02-09T10:09:08.445Z"}
{"code":11000,"index":0,"errmsg":"E11000 duplicate key error collection: credit-track-backend.customers index: phone_1 dup key: { : \"1234567\" }","op":{"_id":"5c5ea6fb29f40402e48f1b02","name":"johny","phone":"1234567","role":"supplier","__v":0}}
{"code":11000,"index":0,"errmsg":"E11000 duplicate key error collection: credit-track-backend.customers index: phone_1 dup key: { : \"45678999\" }","op":{"_id":"5c5ea72329f40402e48f1b04","name":"pooja","phone":"45678999","role":"vendor","__v":0}}
{"level":"info","message":"Listening on port 3000...","timestamp":"2019-02-09T10:14:30.421Z"}
{"level":"info","message":"Connected to MongoDB...","timestamp":"2019-02-09T10:14:31.478Z"}
{"code":11000,"index":0,"errmsg":"E11000 duplicate key error collection: credit-track-backend.customers index: phone_1 dup key: { : \"45678999\" }","op":{"_id":"5c5ea81a33701032fc390e30","name":"pooja","phone":"45678999","role":"vendor","__v":0}}
{"level":"info","message":"Listening on port 3000...","timestamp":"2019-02-09T10:18:41.820Z"}
{"level":"info","message":"Connected to MongoDB...","timestamp":"2019-02-09T10:18:42.875Z"}
{"code":11000,"index":0,"errmsg":"E11000 duplicate key error collection: credit-track-backend.customers index: phone_1 dup key: { : \"45678999\" }","op":{"_id":"5c5ea90985b442354c2b61a0","name":"pooja","phone":"45678999","role":"vendor","__v":0}}
{"level":"info","message":"Listening on port 3000...","timestamp":"2019-02-09T10:20:33.218Z"}
{"level":"info","message":"Connected to MongoDB...","timestamp":"2019-02-09T10:20:34.284Z"}
{"code":11000,"index":0,"errmsg":"E11000 duplicate key error collection: credit-track-backend.customers index: phone_1 dup key: { : \"45678999\" }","op":{"_id":"5c5ea97c93ca382bf0f5970b","name":"pooja","phone":"45678999","role":"vendor","__v":0}}
{"level":"info","message":"Listening on port 3000...","timestamp":"2019-02-09T10:21:43.075Z"}
{"level":"info","message":"Connected to MongoDB...","timestamp":"2019-02-09T10:21:44.139Z"}
{"level":"info","message":"Listening on port 3000...","timestamp":"2019-02-09T13:37:09.652Z"}
{"level":"info","message":"Connected to MongoDB...","timestamp":"2019-02-09T13:37:10.718Z"}
{"level":"info","message":"Listening on port 3000...","timestamp":"2019-02-09T13:47:50.955Z"}
{"level":"info","message":"Connected to MongoDB...","timestamp":"2019-02-09T13:47:52.016Z"}
{"level":"info","message":"Listening on port 3000...","timestamp":"2019-02-09T14:17:34.071Z"}
{"level":"info","message":"Connected to MongoDB...","timestamp":"2019-02-09T14:17:35.141Z"}
{"level":"info","message":"Listening on port 3000...","timestamp":"2019-02-09T15:55:55.870Z"}
{"level":"info","message":"Connected to MongoDB...","timestamp":"2019-02-09T15:55:56.925Z"}
{"message":"Unexpected token } in JSON at position 40","stack":"SyntaxError: Unexpected token } in JSON at position 40\n    at JSON.parse (<anonymous>)\n    at parse (E:\\credit-track-backend\\node_modules\\body-parser\\lib\\types\\json.js:89:19)\n    at E:\\credit-track-backend\\node_modules\\body-parser\\lib\\read.js:121:18\n    at invokeCallback (E:\\credit-track-backend\\node_modules\\raw-body\\index.js:224:16)\n    at done (E:\\credit-track-backend\\node_modules\\raw-body\\index.js:213:7)\n    at IncomingMessage.onEnd (E:\\credit-track-backend\\node_modules\\raw-body\\index.js:273:7)\n    at IncomingMessage.emit (events.js:182:13)\n    at endReadableNT (_stream_readable.js:1098:12)\n    at process.internalTickCallback (internal/process/next_tick.js:72:19)","expose":true,"statusCode":400,"status":400,"body":"{\n\t\"name\": \"Norman\",\n\t\"role\": \"vendor\",\n}","type":"entity.parse.failed","level":"error","timestamp":"2019-02-09T17:07:04.715Z"}
{"message":"Unexpected token } in JSON at position 59","stack":"SyntaxError: Unexpected token } in JSON at position 59\n    at JSON.parse (<anonymous>)\n    at parse (E:\\credit-track-backend\\node_modules\\body-parser\\lib\\types\\json.js:89:19)\n    at E:\\credit-track-backend\\node_modules\\body-parser\\lib\\read.js:121:18\n    at invokeCallback (E:\\credit-track-backend\\node_modules\\raw-body\\index.js:224:16)\n    at done (E:\\credit-track-backend\\node_modules\\raw-body\\index.js:213:7)\n    at IncomingMessage.onEnd (E:\\credit-track-backend\\node_modules\\raw-body\\index.js:273:7)\n    at IncomingMessage.emit (events.js:182:13)\n    at endReadableNT (_stream_readable.js:1098:12)\n    at process.internalTickCallback (internal/process/next_tick.js:72:19)","expose":true,"statusCode":400,"status":400,"body":"{\n\t\"name\": \"Norman\",\n\t\"phone\":\"466321\",\n\t\"role\": \"vendor\",\n}","type":"entity.parse.failed","level":"error","timestamp":"2019-02-09T17:08:04.825Z"}
{"level":"info","message":"Listening on port 3000...","timestamp":"2019-02-09T17:11:03.877Z"}
{"level":"info","message":"Connected to MongoDB...","timestamp":"2019-02-09T17:11:04.937Z"}
{"message":"Cannot read property 'phone' of undefined","stack":"TypeError: Cannot read property 'phone' of undefined\n    at router.post (E:\\credit-track-backend\\routes\\customers.js:50:24)\n    at process.internalTickCallback (internal/process/next_tick.js:77:7)","level":"error","timestamp":"2019-02-09T17:11:23.542Z"}
{"level":"info","message":"Listening on port 3000...","timestamp":"2019-02-09T17:25:49.560Z"}
{"level":"info","message":"Connected to MongoDB...","timestamp":"2019-02-09T17:25:50.623Z"}
{"message":"Cannot read property 'phone' of undefined","stack":"TypeError: Cannot read property 'phone' of undefined\n    at router.post (E:\\credit-track-backend\\routes\\customers.js:48:24)\n    at process.internalTickCallback (internal/process/next_tick.js:77:7)","level":"error","timestamp":"2019-02-09T17:26:09.324Z"}
{"level":"info","message":"Listening on port 3000...","timestamp":"2019-02-11T05:11:17.489Z"}
{"level":"info","message":"Connected to MongoDB...","timestamp":"2019-02-11T05:11:18.559Z"}
{"level":"info","message":"Listening on port 3000...","timestamp":"2019-02-11T05:24:06.770Z"}
{"level":"info","message":"Connected to MongoDB...","timestamp":"2019-02-11T05:24:07.835Z"}
{"level":"info","message":"Listening on port 3000...","timestamp":"2019-02-11T05:36:00.582Z"}
{"level":"info","message":"Connected to MongoDB...","timestamp":"2019-02-11T05:36:01.637Z"}
{"level":"info","message":"Listening on port 3000...","timestamp":"2019-02-11T05:53:19.471Z"}
{"level":"info","message":"Connected to MongoDB...","timestamp":"2019-02-11T05:53:20.536Z"}
{"code":11000,"index":0,"errmsg":"E11000 duplicate key error collection: credit-track-backend.customers index: phone_1 dup key: { : \"1134567\" }","op":{"_id":"5c611118f62bab34d07f7a6e","name":"johny","phone":"1134567","role":"vendor","__v":0}}
{"level":"info","message":"Listening on port 3000...","timestamp":"2019-02-11T06:29:36.060Z"}
{"level":"info","message":"Connected to MongoDB...","timestamp":"2019-02-11T06:29:37.122Z"}
{"message":"Customer validation failed: role: `student` is not a valid enum value for path `role`.","errors":{"role":{"message":"`student` is not a valid enum value for path `role`.","name":"ValidatorError","properties":{"message":"`{VALUE}` is not a valid enum value for path `{PATH}`.","type":"enum","enumValues":["supplier","vendor","customer"],"path":"role","value":"student"},"kind":"enum","path":"role","value":"student","$isValidatorError":true}},"_message":"Customer validation failed","stack":"ValidationError: Customer validation failed: role: `student` is not a valid enum value for path `role`.\n    at new ValidationError (E:\\credit-track-backend\\node_modules\\mongoose\\lib\\error\\validation.js:27:11)\n    at model.Document.invalidate (E:\\credit-track-backend\\node_modules\\mongoose\\lib\\document.js:1656:32)\n    at E:\\credit-track-backend\\node_modules\\mongoose\\lib\\document.js:1528:17\n    at Immediate.<anonymous> (E:\\credit-track-backend\\node_modules\\mongoose\\lib\\schematype.js:785:9)\n    at processImmediate (timers.js:632:19)","name":"ValidationError","level":"error","timestamp":"2019-02-11T06:30:24.250Z"}
{"level":"info","message":"Listening on port 3000...","timestamp":"2019-02-11T11:59:20.275Z"}
{"level":"info","message":"Listening on port 3000...","timestamp":"2019-02-11T12:00:57.319Z"}
{"level":"info","message":"Listening on port 3000...","timestamp":"2019-02-11T13:02:53.995Z"}
{"level":"info","message":"Connected to MongoDB...","timestamp":"2019-02-11T13:02:55.050Z"}
{"message":"Joi.string(...).min(...).max(...).unique is not a function","stack":"TypeError: Joi.string(...).min(...).max(...).unique is not a function\n    at validateUser (E:\\credit-track-backend\\models\\user.js:39:39)\n    at router.post (E:\\credit-track-backend\\routes\\users.js:17:21)\n    at E:\\credit-track-backend\\node_modules\\express-async-errors\\index.js:17:20\n    at Layer.handle [as handle_request] (E:\\credit-track-backend\\node_modules\\express\\lib\\router\\layer.js:95:5)\n    at next (E:\\credit-track-backend\\node_modules\\express\\lib\\router\\route.js:137:13)\n    at Route.dispatch (E:\\credit-track-backend\\node_modules\\express\\lib\\router\\route.js:112:3)\n    at E:\\credit-track-backend\\node_modules\\express-async-errors\\index.js:17:20\n    at Layer.handle [as handle_request] (E:\\credit-track-backend\\node_modules\\express\\lib\\router\\layer.js:95:5)\n    at E:\\credit-track-backend\\node_modules\\express\\lib\\router\\index.js:281:22\n    at Function.process_params (E:\\credit-track-backend\\node_modules\\express\\lib\\router\\index.js:335:12)\n    at next (E:\\credit-track-backend\\node_modules\\express\\lib\\router\\index.js:275:10)\n    at Function.handle (E:\\credit-track-backend\\node_modules\\express\\lib\\router\\index.js:174:3)\n    at router (E:\\credit-track-backend\\node_modules\\express\\lib\\router\\index.js:47:12)\n    at E:\\credit-track-backend\\node_modules\\express-async-errors\\index.js:17:20\n    at Layer.handle [as handle_request] (E:\\credit-track-backend\\node_modules\\express\\lib\\router\\layer.js:95:5)\n    at trim_prefix (E:\\credit-track-backend\\node_modules\\express\\lib\\router\\index.js:317:13)","level":"error","timestamp":"2019-02-11T13:04:07.141Z"}
{"level":"info","message":"Listening on port 3000...","timestamp":"2019-02-11T13:05:23.066Z"}
{"level":"info","message":"Connected to MongoDB...","timestamp":"2019-02-11T13:05:24.121Z"}
{"level":"info","message":"Listening on port 3000...","timestamp":"2019-02-12T06:58:33.216Z"}
{"level":"info","message":"Connected to MongoDB...","timestamp":"2019-02-12T06:58:34.279Z"}
{"code":11000,"index":0,"errmsg":"E11000 duplicate key error collection: credit-track-backend.customers index: phone_1 dup key: { : \"111456\" }","op":{"_id":"5c626f59c2d69133f8234e6c","name":"johny","phone":"111456","role":"customer","__v":0}}
{"level":"info","message":"Listening on port 3000...","timestamp":"2019-02-12T07:09:14.901Z"}
{"level":"info","message":"Connected to MongoDB...","timestamp":"2019-02-12T07:09:15.962Z"}
{"code":11000,"index":0,"errmsg":"E11000 duplicate key error collection: credit-track-backend.customers index: phone_1 dup key: { : \"112456\" }","op":{"_id":"5c62713a27f9b23054ce4ea1","name":"pinky","phone":"112456","role":"vendor","__v":0}}
{"level":"info","message":"Listening on port 3000...","timestamp":"2019-02-12T08:44:20.702Z"}
{"level":"info","message":"Connected to MongoDB...","timestamp":"2019-02-12T08:44:21.765Z"}
{"code":11000,"index":0,"errmsg":"E11000 duplicate key error collection: credit-track-backend.customers index: phone_1 dup key: { : \"112456\" }","op":{"_id":"5c628776ea5faa3bf0307971","name":"pinky","phone":"112456","role":"vendor","__v":0}}
{"level":"info","message":"Listening on port 3000...","timestamp":"2019-02-12T08:53:23.801Z"}
{"level":"info","message":"Connected to MongoDB...","timestamp":"2019-02-12T08:53:24.873Z"}
{"code":11000,"index":0,"errmsg":"E11000 duplicate key error collection: credit-track-backend.customers index: phone_1 dup key: { : \"111456\" }","op":{"_id":"5c628998e26f2915ac75d460","name":"pinky","phone":"111456","role":"vendor","__v":0}}
{"level":"info","message":"Listening on port 3000...","timestamp":"2019-02-12T09:02:50.178Z"}
{"level":"info","message":"Connected to MongoDB...","timestamp":"2019-02-12T09:02:51.246Z"}
{"level":"info","message":"Listening on port 3000...","timestamp":"2019-02-12T09:05:09.284Z"}
{"level":"info","message":"Connected to MongoDB...","timestamp":"2019-02-12T09:05:10.341Z"}
{"level":"info","message":"Listening on port 3000...","timestamp":"2019-02-12T09:05:58.233Z"}
{"level":"info","message":"Connected to MongoDB...","timestamp":"2019-02-12T09:05:59.290Z"}
{"level":"info","message":"Listening on port 3000...","timestamp":"2019-02-12T09:07:01.969Z"}
{"level":"info","message":"Connected to MongoDB...","timestamp":"2019-02-12T09:07:03.027Z"}
{"level":"info","message":"Listening on port 3000...","timestamp":"2019-02-12T09:21:20.382Z"}
{"level":"info","message":"Connected to MongoDB...","timestamp":"2019-02-12T09:21:21.439Z"}
{"code":11000,"index":0,"errmsg":"E11000 duplicate key error collection: credit-track-backend.customers index: name_1 dup key: { : \"pinky\" }","op":{"_id":"5c62902c7085e6149870f8ed","name":"pinky","phone":"111116","role":"vendor","__v":0}}
{"level":"info","message":"Listening on port 3000...","timestamp":"2019-02-12T09:24:37.343Z"}
{"level":"info","message":"Connected to MongoDB...","timestamp":"2019-02-12T09:24:38.401Z"}
{"code":11000,"index":0,"errmsg":"E11000 duplicate key error collection: credit-track-backend.customers index: name_1 dup key: { : \"pinky\" }","op":{"_id":"5c6290f0e50e2b05b4ec5ed3","name":"pinky","phone":"111112","role":"vendor","__v":0}}
{"code":11000,"index":0,"errmsg":"E11000 duplicate key error collection: credit-track-backend.customers index: name_1 dup key: { : \"berry\" }","op":{"_id":"5c6291e6e50e2b05b4ec5ed7","name":"berry","phone":"111113","role":"vendor","__v":0}}
{"level":"info","message":"Listening on port 3000...","timestamp":"2019-02-12T09:31:30.897Z"}
{"level":"info","message":"Connected to MongoDB...","timestamp":"2019-02-12T09:31:31.951Z"}
{"code":11000,"index":0,"errmsg":"E11000 duplicate key error collection: credit-track-backend.customers index: name_1 dup key: { : \"peppy\" }","op":{"_id":"5c6292f68ef2e416d4115cba","name":"peppy","phone":"311133","role":"supplier","__v":0}}
{"level":"info","message":"Listening on port 3000...","timestamp":"2019-02-15T09:27:12.258Z"}
{"level":"info","message":"Connected to MongoDB...","timestamp":"2019-02-15T09:27:13.316Z"}
{"code":11000,"index":0,"errmsg":"E11000 duplicate key error collection: credit-track-backend.customers index: name_1 dup key: { : \"peppy\" }","op":{"_id":"5c6686627ab3ac32641068f0","name":"peppy","phone":"311133","role":"supplier","__v":0}}
{"level":"info","message":"Listening on port 3000...","timestamp":"2019-02-15T09:35:38.790Z"}
{"level":"info","message":"Connected to MongoDB...","timestamp":"2019-02-15T09:35:39.895Z"}
{"level":"info","message":"Listening on port 3000...","timestamp":"2019-02-15T09:42:14.283Z"}
{"level":"info","message":"Connected to MongoDB...","timestamp":"2019-02-15T09:42:15.345Z"}
{"level":"info","message":"Listening on port 3000...","timestamp":"2019-02-15T09:42:42.450Z"}
{"level":"info","message":"Connected to MongoDB...","timestamp":"2019-02-15T09:42:43.520Z"}
{"level":"info","message":"Listening on port 3000...","timestamp":"2019-02-15T09:53:20.716Z"}
{"level":"info","message":"Connected to MongoDB...","timestamp":"2019-02-15T09:53:21.774Z"}
{"level":"info","message":"Listening on port 3000...","timestamp":"2019-02-16T09:58:14.811Z"}
{"level":"info","message":"Connected to MongoDB...","timestamp":"2019-02-16T09:58:15.872Z"}
{"level":"info","message":"Listening on port 3000...","timestamp":"2019-02-16T10:46:32.198Z"}
{"level":"info","message":"Connected to MongoDB...","timestamp":"2019-02-16T10:46:33.252Z"}
{"level":"info","message":"Listening on port 3000...","timestamp":"2019-02-16T11:41:31.969Z"}
{"level":"info","message":"Connected to MongoDB...","timestamp":"2019-02-16T11:41:33.034Z"}
{"level":"info","message":"Listening on port 3000...","timestamp":"2019-02-16T11:42:03.576Z"}
{"level":"info","message":"Connected to MongoDB...","timestamp":"2019-02-16T11:42:04.631Z"}
{"level":"info","message":"Listening on port 3000...","timestamp":"2019-02-16T11:44:19.662Z"}
{"level":"info","message":"Connected to MongoDB...","timestamp":"2019-02-16T11:44:20.719Z"}
{"level":"info","message":"Listening on port 3000...","timestamp":"2019-02-16T11:46:12.602Z"}
{"level":"info","message":"Connected to MongoDB...","timestamp":"2019-02-16T11:46:13.660Z"}
{"level":"info","message":"Listening on port 3000...","timestamp":"2019-02-16T11:51:19.553Z"}
{"level":"info","message":"Connected to MongoDB...","timestamp":"2019-02-16T11:51:20.618Z"}
{"level":"info","message":"Listening on port 3000...","timestamp":"2019-02-16T12:04:12.371Z"}
{"level":"info","message":"Connected to MongoDB...","timestamp":"2019-02-16T12:04:13.433Z"}
{"message":"Customer.findByIdAndRemove(...).findByIdAndRemove is not a function","stack":"TypeError: Customer.findByIdAndRemove(...).findByIdAndRemove is not a function\n    at router.delete (E:\\credit-track-backend\\routes\\customers.js:73:13)\n    at E:\\credit-track-backend\\node_modules\\express-async-errors\\index.js:17:20\n    at Layer.handle [as handle_request] (E:\\credit-track-backend\\node_modules\\express\\lib\\router\\layer.js:95:5)\n    at next (E:\\credit-track-backend\\node_modules\\express\\lib\\router\\route.js:137:13)\n    at module.exports (E:\\credit-track-backend\\middleware\\admin.js:7:3)\n    at E:\\credit-track-backend\\node_modules\\express-async-errors\\index.js:17:20\n    at Layer.handle [as handle_request] (E:\\credit-track-backend\\node_modules\\express\\lib\\router\\layer.js:95:5)\n    at next (E:\\credit-track-backend\\node_modules\\express\\lib\\router\\route.js:137:13)\n    at module.exports (E:\\credit-track-backend\\middleware\\auth.js:11:5)\n    at E:\\credit-track-backend\\node_modules\\express-async-errors\\index.js:17:20\n    at Layer.handle [as handle_request] (E:\\credit-track-backend\\node_modules\\express\\lib\\router\\layer.js:95:5)\n    at next (E:\\credit-track-backend\\node_modules\\express\\lib\\router\\route.js:137:13)\n    at Route.dispatch (E:\\credit-track-backend\\node_modules\\express\\lib\\router\\route.js:112:3)\n    at E:\\credit-track-backend\\node_modules\\express-async-errors\\index.js:17:20\n    at Layer.handle [as handle_request] (E:\\credit-track-backend\\node_modules\\express\\lib\\router\\layer.js:95:5)\n    at E:\\credit-track-backend\\node_modules\\express\\lib\\router\\index.js:281:22","level":"error","timestamp":"2019-02-16T12:04:23.744Z"}
{"message":"Customer.findByIdAndRemove(...).findByIdAndRemove is not a function","stack":"TypeError: Customer.findByIdAndRemove(...).findByIdAndRemove is not a function\n    at router.delete (E:\\credit-track-backend\\routes\\customers.js:73:13)\n    at E:\\credit-track-backend\\node_modules\\express-async-errors\\index.js:17:20\n    at Layer.handle [as handle_request] (E:\\credit-track-backend\\node_modules\\express\\lib\\router\\layer.js:95:5)\n    at next (E:\\credit-track-backend\\node_modules\\express\\lib\\router\\route.js:137:13)\n    at module.exports (E:\\credit-track-backend\\middleware\\admin.js:7:3)\n    at E:\\credit-track-backend\\node_modules\\express-async-errors\\index.js:17:20\n    at Layer.handle [as handle_request] (E:\\credit-track-backend\\node_modules\\express\\lib\\router\\layer.js:95:5)\n    at next (E:\\credit-track-backend\\node_modules\\express\\lib\\router\\route.js:137:13)\n    at module.exports (E:\\credit-track-backend\\middleware\\auth.js:11:5)\n    at E:\\credit-track-backend\\node_modules\\express-async-errors\\index.js:17:20\n    at Layer.handle [as handle_request] (E:\\credit-track-backend\\node_modules\\express\\lib\\router\\layer.js:95:5)\n    at next (E:\\credit-track-backend\\node_modules\\express\\lib\\router\\route.js:137:13)\n    at Route.dispatch (E:\\credit-track-backend\\node_modules\\express\\lib\\router\\route.js:112:3)\n    at E:\\credit-track-backend\\node_modules\\express-async-errors\\index.js:17:20\n    at Layer.handle [as handle_request] (E:\\credit-track-backend\\node_modules\\express\\lib\\router\\layer.js:95:5)\n    at E:\\credit-track-backend\\node_modules\\express\\lib\\router\\index.js:281:22","level":"error","timestamp":"2019-02-16T12:06:01.815Z"}
{"level":"info","message":"Listening on port 3000...","timestamp":"2019-02-16T12:07:13.894Z"}
{"level":"info","message":"Connected to MongoDB...","timestamp":"2019-02-16T12:07:14.951Z"}
{"level":"info","message":"Listening on port 3000...","timestamp":"2019-02-16T12:27:49.030Z"}
{"level":"info","message":"Connected to MongoDB...","timestamp":"2019-02-16T12:27:50.094Z"}
{"level":"info","message":"Listening on port 3000...","timestamp":"2019-02-16T12:30:36.533Z"}
{"level":"info","message":"Connected to MongoDB...","timestamp":"2019-02-16T12:30:37.588Z"}
{"level":"info","message":"Listening on port 3000...","timestamp":"2019-02-16T12:33:39.293Z"}
{"level":"info","message":"Connected to MongoDB...","timestamp":"2019-02-16T12:33:40.361Z"}
{"level":"info","message":"Listening on port 3000...","timestamp":"2019-02-16T12:49:39.442Z"}
{"level":"info","message":"Connected to MongoDB...","timestamp":"2019-02-16T12:49:40.505Z"}
{"level":"info","message":"Listening on port 3000...","timestamp":"2019-02-16T12:59:35.251Z"}
{"level":"info","message":"Connected to MongoDB...","timestamp":"2019-02-16T12:59:36.313Z"}
{"level":"info","message":"Listening on port 3000...","timestamp":"2019-02-16T13:03:46.450Z"}
{"level":"info","message":"Connected to MongoDB...","timestamp":"2019-02-16T13:03:47.512Z"}
{"level":"info","message":"Listening on port 3000...","timestamp":"2019-02-16T13:07:53.466Z"}
{"level":"info","message":"Connected to MongoDB...","timestamp":"2019-02-16T13:07:54.531Z"}
{"level":"info","message":"Listening on port 3000...","timestamp":"2019-02-16T13:13:59.955Z"}
{"level":"info","message":"Connected to MongoDB...","timestamp":"2019-02-16T13:14:01.012Z"}
{"level":"info","message":"Listening on port 3000...","timestamp":"2019-02-16T13:16:33.382Z"}
{"level":"info","message":"Connected to MongoDB...","timestamp":"2019-02-16T13:16:34.440Z"}
{"level":"info","message":"Listening on port 3000...","timestamp":"2019-02-16T13:18:26.149Z"}
{"level":"info","message":"Connected to MongoDB...","timestamp":"2019-02-16T13:18:27.211Z"}
{"level":"info","message":"Listening on port 3000...","timestamp":"2019-02-16T13:23:20.515Z"}
{"level":"info","message":"Connected to MongoDB...","timestamp":"2019-02-16T13:23:21.573Z"}
{"level":"info","message":"Listening on port 3000...","timestamp":"2019-02-16T13:25:48.063Z"}
{"level":"info","message":"Connected to MongoDB...","timestamp":"2019-02-16T13:25:49.123Z"}
{"level":"info","message":"Listening on port 3000...","timestamp":"2019-02-16T15:23:28.504Z"}
{"level":"info","message":"Connected to MongoDB...","timestamp":"2019-02-16T15:23:29.561Z"}
{"message":"customers is not defined","stack":"ReferenceError: customers is not defined\n    at router.post (E:\\credit-track-backend\\routes\\customers.js:40:5)\n    at E:\\credit-track-backend\\node_modules\\express-async-errors\\index.js:17:20\n    at Layer.handle [as handle_request] (E:\\credit-track-backend\\node_modules\\express\\lib\\router\\layer.js:95:5)\n    at next (E:\\credit-track-backend\\node_modules\\express\\lib\\router\\route.js:137:13)\n    at Route.dispatch (E:\\credit-track-backend\\node_modules\\express\\lib\\router\\route.js:112:3)\n    at E:\\credit-track-backend\\node_modules\\express-async-errors\\index.js:17:20\n    at Layer.handle [as handle_request] (E:\\credit-track-backend\\node_modules\\express\\lib\\router\\layer.js:95:5)\n    at E:\\credit-track-backend\\node_modules\\express\\lib\\router\\index.js:281:22\n    at Function.process_params (E:\\credit-track-backend\\node_modules\\express\\lib\\router\\index.js:335:12)\n    at next (E:\\credit-track-backend\\node_modules\\express\\lib\\router\\index.js:275:10)\n    at Function.handle (E:\\credit-track-backend\\node_modules\\express\\lib\\router\\index.js:174:3)\n    at router (E:\\credit-track-backend\\node_modules\\express\\lib\\router\\index.js:47:12)\n    at E:\\credit-track-backend\\node_modules\\express-async-errors\\index.js:17:20\n    at Layer.handle [as handle_request] (E:\\credit-track-backend\\node_modules\\express\\lib\\router\\layer.js:95:5)\n    at trim_prefix (E:\\credit-track-backend\\node_modules\\express\\lib\\router\\index.js:317:13)\n    at E:\\credit-track-backend\\node_modules\\express\\lib\\router\\index.js:284:7","level":"error","timestamp":"2019-02-16T15:26:08.370Z"}
{"level":"info","message":"Listening on port 3000...","timestamp":"2019-02-16T15:29:17.819Z"}
{"level":"info","message":"Connected to MongoDB...","timestamp":"2019-02-16T15:29:18.886Z"}
{"message":"customers is not defined","stack":"ReferenceError: customers is not defined\n    at router.post (E:\\credit-track-backend\\routes\\customers.js:39:9)\n    at E:\\credit-track-backend\\node_modules\\express-async-errors\\index.js:17:20\n    at Layer.handle [as handle_request] (E:\\credit-track-backend\\node_modules\\express\\lib\\router\\layer.js:95:5)\n    at next (E:\\credit-track-backend\\node_modules\\express\\lib\\router\\route.js:137:13)\n    at Route.dispatch (E:\\credit-track-backend\\node_modules\\express\\lib\\router\\route.js:112:3)\n    at E:\\credit-track-backend\\node_modules\\express-async-errors\\index.js:17:20\n    at Layer.handle [as handle_request] (E:\\credit-track-backend\\node_modules\\express\\lib\\router\\layer.js:95:5)\n    at E:\\credit-track-backend\\node_modules\\express\\lib\\router\\index.js:281:22\n    at Function.process_params (E:\\credit-track-backend\\node_modules\\express\\lib\\router\\index.js:335:12)\n    at next (E:\\credit-track-backend\\node_modules\\express\\lib\\router\\index.js:275:10)\n    at Function.handle (E:\\credit-track-backend\\node_modules\\express\\lib\\router\\index.js:174:3)\n    at router (E:\\credit-track-backend\\node_modules\\express\\lib\\router\\index.js:47:12)\n    at E:\\credit-track-backend\\node_modules\\express-async-errors\\index.js:17:20\n    at Layer.handle [as handle_request] (E:\\credit-track-backend\\node_modules\\express\\lib\\router\\layer.js:95:5)\n    at trim_prefix (E:\\credit-track-backend\\node_modules\\express\\lib\\router\\index.js:317:13)\n    at E:\\credit-track-backend\\node_modules\\express\\lib\\router\\index.js:284:7","level":"error","timestamp":"2019-02-16T15:29:28.991Z"}
{"level":"info","message":"Listening on port 3000...","timestamp":"2019-02-16T15:30:41.392Z"}
{"level":"info","message":"Connected to MongoDB...","timestamp":"2019-02-16T15:30:42.460Z"}
{"message":"success is not defined","stack":"ReferenceError: success is not defined\n    at router.post (E:\\credit-track-backend\\routes\\customers.js:40:9)\n    at E:\\credit-track-backend\\node_modules\\express-async-errors\\index.js:17:20\n    at Layer.handle [as handle_request] (E:\\credit-track-backend\\node_modules\\express\\lib\\router\\layer.js:95:5)\n    at next (E:\\credit-track-backend\\node_modules\\express\\lib\\router\\route.js:137:13)\n    at Route.dispatch (E:\\credit-track-backend\\node_modules\\express\\lib\\router\\route.js:112:3)\n    at E:\\credit-track-backend\\node_modules\\express-async-errors\\index.js:17:20\n    at Layer.handle [as handle_request] (E:\\credit-track-backend\\node_modules\\express\\lib\\router\\layer.js:95:5)\n    at E:\\credit-track-backend\\node_modules\\express\\lib\\router\\index.js:281:22\n    at Function.process_params (E:\\credit-track-backend\\node_modules\\express\\lib\\router\\index.js:335:12)\n    at next (E:\\credit-track-backend\\node_modules\\express\\lib\\router\\index.js:275:10)\n    at Function.handle (E:\\credit-track-backend\\node_modules\\express\\lib\\router\\index.js:174:3)\n    at router (E:\\credit-track-backend\\node_modules\\express\\lib\\router\\index.js:47:12)\n    at E:\\credit-track-backend\\node_modules\\express-async-errors\\index.js:17:20\n    at Layer.handle [as handle_request] (E:\\credit-track-backend\\node_modules\\express\\lib\\router\\layer.js:95:5)\n    at trim_prefix (E:\\credit-track-backend\\node_modules\\express\\lib\\router\\index.js:317:13)\n    at E:\\credit-track-backend\\node_modules\\express\\lib\\router\\index.js:284:7","level":"error","timestamp":"2019-02-16T15:30:48.939Z"}
{"level":"info","message":"Listening on port 3000...","timestamp":"2019-02-16T15:34:42.958Z"}
{"level":"info","message":"Connected to MongoDB...","timestamp":"2019-02-16T15:34:44.016Z"}
{"code":11000,"index":0,"errmsg":"E11000 duplicate key error collection: credit-track-backend.customers index: phone_1 dup key: { : \"55555\" }","op":{"_id":"5c682d96da1bb82a84703a4b","name":"fffff","phone":"55555","role":"supplier","__v":0}}
{"level":"info","message":"Listening on port 3000...","timestamp":"2019-02-16T15:40:47.096Z"}
{"level":"info","message":"Connected to MongoDB...","timestamp":"2019-02-16T15:40:48.161Z"}
{"level":"info","message":"Listening on port 3000...","timestamp":"2019-02-17T10:49:30.855Z"}
{"level":"info","message":"Connected to MongoDB...","timestamp":"2019-02-17T10:49:31.897Z"}
{"level":"info","message":"Listening on port 3000...","timestamp":"2019-02-17T10:52:28.238Z"}
{"level":"info","message":"Connected to MongoDB...","timestamp":"2019-02-17T10:52:29.292Z"}
{"level":"info","message":"Listening on port 3000...","timestamp":"2019-02-17T10:52:57.756Z"}
{"level":"info","message":"Connected to MongoDB...","timestamp":"2019-02-17T10:52:58.812Z"}
{"level":"info","message":"Listening on port 3000...","timestamp":"2019-02-17T11:04:29.285Z"}
{"level":"info","message":"Connected to MongoDB...","timestamp":"2019-02-17T11:04:30.341Z"}
{"code":11000,"index":0,"errmsg":"E11000 duplicate key error collection: credit-track-backend.customers index: phone_1 dup key: { : \"66666\" }","op":{"_id":"5c693fca5445a423007f780e","name":"ggggg","phone":"66666","role":"supplier","__v":0}}
{"level":"info","message":"Listening on port 3000...","timestamp":"2019-02-17T11:06:26.259Z"}
{"level":"info","message":"Connected to MongoDB...","timestamp":"2019-02-17T11:06:27.314Z"}
{"level":"info","message":"Listening on port 3000...","timestamp":"2019-02-17T11:32:50.237Z"}
{"level":"info","message":"Connected to MongoDB...","timestamp":"2019-02-17T11:32:51.295Z"}
{"message":"name is not defined","stack":"ReferenceError: name is not defined\n    at router.delete (E:\\credit-track-backend\\routes\\customers.js:71:19)\n    at E:\\credit-track-backend\\node_modules\\express-async-errors\\index.js:17:20\n    at Layer.handle [as handle_request] (E:\\credit-track-backend\\node_modules\\express\\lib\\router\\layer.js:95:5)\n    at next (E:\\credit-track-backend\\node_modules\\express\\lib\\router\\route.js:137:13)\n    at module.exports (E:\\credit-track-backend\\middleware\\admin.js:7:3)\n    at E:\\credit-track-backend\\node_modules\\express-async-errors\\index.js:17:20\n    at Layer.handle [as handle_request] (E:\\credit-track-backend\\node_modules\\express\\lib\\router\\layer.js:95:5)\n    at next (E:\\credit-track-backend\\node_modules\\express\\lib\\router\\route.js:137:13)\n    at module.exports (E:\\credit-track-backend\\middleware\\auth.js:11:5)\n    at E:\\credit-track-backend\\node_modules\\express-async-errors\\index.js:17:20\n    at Layer.handle [as handle_request] (E:\\credit-track-backend\\node_modules\\express\\lib\\router\\layer.js:95:5)\n    at next (E:\\credit-track-backend\\node_modules\\express\\lib\\router\\route.js:137:13)\n    at Route.dispatch (E:\\credit-track-backend\\node_modules\\express\\lib\\router\\route.js:112:3)\n    at E:\\credit-track-backend\\node_modules\\express-async-errors\\index.js:17:20\n    at Layer.handle [as handle_request] (E:\\credit-track-backend\\node_modules\\express\\lib\\router\\layer.js:95:5)\n    at E:\\credit-track-backend\\node_modules\\express\\lib\\router\\index.js:281:22","level":"error","timestamp":"2019-02-17T11:37:22.055Z"}
{"level":"info","message":"Listening on port 3000...","timestamp":"2019-02-17T11:48:35.329Z"}
{"level":"info","message":"Connected to MongoDB...","timestamp":"2019-02-17T11:48:36.385Z"}
{"level":"info","message":"Listening on port 3000...","timestamp":"2019-02-17T11:55:30.093Z"}
{"level":"info","message":"Connected to MongoDB...","timestamp":"2019-02-17T11:55:31.149Z"}
{"level":"info","message":"Listening on port 3000...","timestamp":"2019-02-17T12:50:38.168Z"}
{"level":"info","message":"Connected to MongoDB...","timestamp":"2019-02-17T12:50:39.233Z"}
{"level":"info","message":"Listening on port 3000...","timestamp":"2019-02-17T16:52:20.110Z"}
{"level":"info","message":"Connected to MongoDB...","timestamp":"2019-02-17T16:52:21.177Z"}
{"level":"info","message":"Listening on port 3000...","timestamp":"2019-02-18T06:21:37.964Z"}
{"level":"info","message":"Connected to MongoDB...","timestamp":"2019-02-18T06:21:39.024Z"}
{"level":"info","message":"Listening on port 3000...","timestamp":"2019-02-18T06:39:07.251Z"}
{"level":"info","message":"Connected to MongoDB...","timestamp":"2019-02-18T06:39:08.306Z"}
{"level":"info","message":"Listening on port 3000...","timestamp":"2019-02-19T04:48:22.265Z"}
{"level":"info","message":"Connected to MongoDB...","timestamp":"2019-02-19T04:48:23.317Z"}
{"level":"info","message":"Listening on port 3000...","timestamp":"2019-06-12T11:37:50.144Z"}
{"level":"info","message":"Connected to MongoDB...","timestamp":"2019-06-12T11:37:51.220Z"}
